[debug] [2023-07-15T06:12:55.589Z] ----------------------------------------------------------------------
[debug] [2023-07-15T06:12:55.591Z] Command:       C:\Program Files\nodejs\node.exe C:\Users\Acer.LAPTOP-E3A84KCC\AppData\Roaming\npm\node_modules\firebase-tools\lib\bin\firebase.js init hosting
[debug] [2023-07-15T06:12:55.591Z] CLI Version:   12.4.4
[debug] [2023-07-15T06:12:55.591Z] Platform:      win32
[debug] [2023-07-15T06:12:55.592Z] Node Version:  v18.15.0
[debug] [2023-07-15T06:12:55.592Z] Time:          Sat Jul 15 2023 13:12:55 GMT+0700 (Western Indonesia Time)
[debug] [2023-07-15T06:12:55.592Z] ----------------------------------------------------------------------
[debug] 
[debug] [2023-07-15T06:12:55.599Z] > command requires scopes: ["email","openid","https://www.googleapis.com/auth/cloudplatformprojects.readonly","https://www.googleapis.com/auth/firebase","https://www.googleapis.com/auth/cloud-platform"]
[debug] [2023-07-15T06:12:55.600Z] > authorizing via signed-in user (shelaamanda00@gmail.com)
[info] 
     ######## #### ########  ######## ########     ###     ######  ########
     ##        ##  ##     ## ##       ##     ##  ##   ##  ##       ##
     ######    ##  ########  ######   ########  #########  ######  ######
     ##        ##  ##    ##  ##       ##     ## ##     ##       ## ##
     ##       #### ##     ## ######## ########  ##     ##  ######  ########

You're about to initialize a Firebase project in this directory:

  C:\Users\Acer.LAPTOP-E3A84KCC\Documents\Hacktiv8\phase3\week1\fsjs-p3-v1-c1-shelamdp

[info] 
=== Project Setup
[info] 
[info] First, let's associate this project directory with a Firebase project.
[info] You can create multiple project aliases by running firebase use --add, 
[info] but for now we'll just set up a default project.
[info] 
[debug] [2023-07-15T06:12:57.673Z] > refreshing access token with scopes: []
[debug] [2023-07-15T06:12:57.675Z] >>> [apiv2][query] POST https://www.googleapis.com/oauth2/v3/token [none]
[debug] [2023-07-15T06:12:57.675Z] >>> [apiv2][body] POST https://www.googleapis.com/oauth2/v3/token [omitted]
[debug] [2023-07-15T06:12:57.809Z] <<< [apiv2][status] POST https://www.googleapis.com/oauth2/v3/token 400
[debug] [2023-07-15T06:12:57.809Z] <<< [apiv2][body] POST https://www.googleapis.com/oauth2/v3/token [omitted]
[debug] [2023-07-15T06:12:57.810Z] >>> [apiv2][query] GET https://firebase.googleapis.com/v1beta1/projects pageSize=100
[debug] [2023-07-15T06:12:57.982Z] <<< [apiv2][status] GET https://firebase.googleapis.com/v1beta1/projects 401
[debug] [2023-07-15T06:12:57.982Z] <<< [apiv2][body] GET https://firebase.googleapis.com/v1beta1/projects [omitted]
[debug] [2023-07-15T06:12:57.983Z] HTTP Error: 401, Request had invalid authentication credentials. Expected OAuth 2 access token, login cookie or other valid authentication credential. See https://developers.google.com/identity/sign-in/web/devconsole-project.
[debug] [2023-07-15T06:12:58.053Z] FirebaseError: HTTP Error: 401, Request had invalid authentication credentials. Expected OAuth 2 access token, login cookie or other valid authentication credential. See https://developers.google.com/identity/sign-in/web/devconsole-project.
    at responseToError (C:\Users\Acer.LAPTOP-E3A84KCC\AppData\Roaming\npm\node_modules\firebase-tools\lib\responseToError.js:49:12)
    at RetryOperation._fn (C:\Users\Acer.LAPTOP-E3A84KCC\AppData\Roaming\npm\node_modules\firebase-tools\lib\apiv2.js:289:77)
    at process.processTicksAndRejections (node:internal/process/task_queues:95:5)
[error] 
[error] Error: Failed to list Firebase projects. See firebase-debug.log for more info.
